This is pdfTeX, Version 3.14159265-2.6-1.40.21 (MiKTeX 20.12) (preloaded format=pdflatex 2021.1.16)  15 JUN 2021 14:03
entering extended mode
**./SimpleDocument.tex
(SimpleDocument.tex
LaTeX2e <2020-10-01> patch level 2
L3 programming layer <2020-12-07> xparse <2020-03-03>
(C:\Users\Meschio\AppData\Local\Programs\MiKTeX\tex/latex/base\article.cls
Document Class: article 2020/04/10 v1.4m Standard LaTeX document class
(C:\Users\Meschio\AppData\Local\Programs\MiKTeX\tex/latex/base\size10.clo
File: size10.clo 2020/04/10 v1.4m Standard LaTeX file (size option)
)
\c@part=\count177
\c@section=\count178
\c@subsection=\count179
\c@subsubsection=\count180
\c@paragraph=\count181
\c@subparagraph=\count182
\c@figure=\count183
\c@table=\count184
\abovecaptionskip=\skip47
\belowcaptionskip=\skip48
\bibindent=\dimen138
)
(C:\Users\Meschio\AppData\Local\Programs\MiKTeX\tex/latex/graphics\graphicx.sty
Package: graphicx 2020/09/09 v1.2b Enhanced LaTeX Graphics (DPC,SPQR)
(C:\Users\Meschio\AppData\Local\Programs\MiKTeX\tex/latex/graphics\keyval.sty
Package: keyval 2014/10/28 v1.15 key=value parser (DPC)
\KV@toks@=\toks15
)
(C:\Users\Meschio\AppData\Local\Programs\MiKTeX\tex/latex/graphics\graphics.sty
Package: graphics 2020/08/30 v1.4c Standard LaTeX Graphics (DPC,SPQR)
(C:\Users\Meschio\AppData\Local\Programs\MiKTeX\tex/latex/graphics\trig.sty
Package: trig 2016/01/03 v1.10 sin cos tan (DPC)
)
(C:\Users\Meschio\AppData\Local\Programs\MiKTeX\tex/latex/graphics-cfg\graphics
.cfg
File: graphics.cfg 2016/06/04 v1.11 sample graphics configuration
)
Package graphics Info: Driver file: dvips.def on input line 105.

(C:\Users\Meschio\AppData\Local\Programs\MiKTeX\tex/latex/graphics-def\dvips.de
f
File: dvips.def 2017/06/20 v3.1d Graphics/color driver for dvips
))
\Gin@req@height=\dimen139
\Gin@req@width=\dimen140
)
(C:\Users\Meschio\AppData\Local\Programs\MiKTeX\tex/latex/graphics\color.sty
Package: color 2020/02/24 v1.2b Standard LaTeX Color (DPC)

(C:\Users\Meschio\AppData\Local\Programs\MiKTeX\tex/latex/graphics-cfg\color.cf
g
File: color.cfg 2016/01/02 v1.6 sample color configuration
)
Package color Info: Driver file: pdftex.def on input line 147.

(C:\Users\Meschio\AppData\Local\Programs\MiKTeX\tex/latex/graphics-def\pdftex.d
ef
File: pdftex.def 2020/10/05 v1.2a Graphics/color driver for pdftex
))
(C:\Users\Meschio\AppData\Local\Programs\MiKTeX\tex/latex/amsfonts\amssymb.sty
Package: amssymb 2013/01/14 v3.01 AMS font symbols

(C:\Users\Meschio\AppData\Local\Programs\MiKTeX\tex/latex/amsfonts\amsfonts.sty
Package: amsfonts 2013/01/14 v3.01 Basic AMSFonts support
\@emptytoks=\toks16
\symAMSa=\mathgroup4
\symAMSb=\mathgroup5
LaTeX Font Info:    Redeclaring math symbol \hbar on input line 98.
LaTeX Font Info:    Overwriting math alphabet `\mathfrak' in version `bold'
(Font)                  U/euf/m/n --> U/euf/b/n on input line 106.
))
(C:\Users\Meschio\AppData\Local\Programs\MiKTeX\tex/latex/amsmath\amsmath.sty
Package: amsmath 2020/09/23 v2.17i AMS math features
\@mathmargin=\skip49

For additional information on amsmath, use the `?' option.
(C:\Users\Meschio\AppData\Local\Programs\MiKTeX\tex/latex/amsmath\amstext.sty
Package: amstext 2000/06/29 v2.01 AMS text

(C:\Users\Meschio\AppData\Local\Programs\MiKTeX\tex/latex/amsmath\amsgen.sty
File: amsgen.sty 1999/11/30 v2.0 generic functions
\@emptytoks=\toks17
\ex@=\dimen141
))
(C:\Users\Meschio\AppData\Local\Programs\MiKTeX\tex/latex/amsmath\amsbsy.sty
Package: amsbsy 1999/11/29 v1.2d Bold Symbols
\pmbraise@=\dimen142
)
(C:\Users\Meschio\AppData\Local\Programs\MiKTeX\tex/latex/amsmath\amsopn.sty
Package: amsopn 2016/03/08 v2.02 operator names
)
\inf@bad=\count185
LaTeX Info: Redefining \frac on input line 234.
\uproot@=\count186
\leftroot@=\count187
LaTeX Info: Redefining \overline on input line 399.
\classnum@=\count188
\DOTSCASE@=\count189
LaTeX Info: Redefining \ldots on input line 496.
LaTeX Info: Redefining \dots on input line 499.
LaTeX Info: Redefining \cdots on input line 620.
\Mathstrutbox@=\box47
\strutbox@=\box48
\big@size=\dimen143
LaTeX Font Info:    Redeclaring font encoding OML on input line 743.
LaTeX Font Info:    Redeclaring font encoding OMS on input line 744.
\macc@depth=\count190
\c@MaxMatrixCols=\count191
\dotsspace@=\muskip16
\c@parentequation=\count192
\dspbrk@lvl=\count193
\tag@help=\toks18
\row@=\count194
\column@=\count195
\maxfields@=\count196
\andhelp@=\toks19
\eqnshift@=\dimen144
\alignsep@=\dimen145
\tagshift@=\dimen146
\tagwidth@=\dimen147
\totwidth@=\dimen148
\lineht@=\dimen149
\@envbody=\toks20
\multlinegap=\skip50
\multlinetaggap=\skip51
\mathdisplay@stack=\toks21
LaTeX Info: Redefining \[ on input line 2923.
LaTeX Info: Redefining \] on input line 2924.
)
(C:\Users\Meschio\AppData\Local\Programs\MiKTeX\tex/latex/xcolor\xcolor.sty
Package: xcolor 2016/05/11 v2.12 LaTeX color extensions (UK)

(C:\Users\Meschio\AppData\Local\Programs\MiKTeX\tex/latex/graphics-cfg\color.cf
g
File: color.cfg 2016/01/02 v1.6 sample color configuration
)
Package xcolor Info: Driver file: pdftex.def on input line 225.
LaTeX Info: Redefining \color on input line 709.
Package xcolor Info: Model `cmy' substituted by `cmy0' on input line 1348.
Package xcolor Info: Model `RGB' extended on input line 1364.
Package xcolor Info: Model `HTML' substituted by `rgb' on input line 1366.
Package xcolor Info: Model `Hsb' substituted by `hsb' on input line 1367.
Package xcolor Info: Model `tHsb' substituted by `hsb' on input line 1368.
Package xcolor Info: Model `HSB' substituted by `hsb' on input line 1369.
Package xcolor Info: Model `Gray' substituted by `gray' on input line 1370.
Package xcolor Info: Model `wave' substituted by `hsb' on input line 1371.
)
(C:\Users\Meschio\AppData\Local\Programs\MiKTeX\tex/latex/listings\listings.sty
\lst@mode=\count197
\lst@gtempboxa=\box49
\lst@token=\toks22
\lst@length=\count198
\lst@currlwidth=\dimen150
\lst@column=\count199
\lst@pos=\count266
\lst@lostspace=\dimen151
\lst@width=\dimen152
\lst@newlines=\count267
\lst@lineno=\count268
\lst@maxwidth=\dimen153
(C:\Users\Meschio\AppData\Local\Programs\MiKTeX\tex/latex/listings\lstmisc.sty
File: lstmisc.sty 2020/03/24 1.8d (Carsten Heinz)
\c@lstnumber=\count269
\lst@skipnumbers=\count270
\lst@framebox=\box50
)
(C:\Users\Meschio\AppData\Local\Programs\MiKTeX\tex/latex/listings\listings.cfg
File: listings.cfg 2020/03/24 1.8d listings configuration
))
Package: listings 2020/03/24 1.8d (Carsten Heinz)
 (C:\Users\Meschio\AppData\Local\Programs\MiKTeX\tex/latex/base\textcomp.sty
Package: textcomp 2020/02/02 v2.0n Standard LaTeX package
)
(C:\Users\Meschio\AppData\Local\Programs\MiKTeX\tex/latex/hyperref\hyperref.sty
Package: hyperref 2020-05-15 v7.00e Hypertext links for LaTeX

(C:\Users\Meschio\AppData\Local\Programs\MiKTeX\tex/generic/ltxcmds\ltxcmds.sty
Package: ltxcmds 2020-05-10 v1.25 LaTeX kernel commands for general use (HO)
) (C:\Users\Meschio\AppData\Local\Programs\MiKTeX\tex/generic/iftex\iftex.sty
Package: iftex 2020/03/06 v1.0d TeX engine tests
)
(C:\Users\Meschio\AppData\Local\Programs\MiKTeX\tex/generic/pdftexcmds\pdftexcm
ds.sty
Package: pdftexcmds 2020-06-27 v0.33 Utility functions of pdfTeX for LuaTeX (HO
)

(C:\Users\Meschio\AppData\Local\Programs\MiKTeX\tex/generic/infwarerr\infwarerr
.sty
Package: infwarerr 2019/12/03 v1.5 Providing info/warning/error messages (HO)
)
Package pdftexcmds Info: \pdf@primitive is available.
Package pdftexcmds Info: \pdf@ifprimitive is available.
Package pdftexcmds Info: \pdfdraftmode found.
)
(C:\Users\Meschio\AppData\Local\Programs\MiKTeX\tex/generic/kvsetkeys\kvsetkeys
.sty
Package: kvsetkeys 2019/12/15 v1.18 Key value parser (HO)
)
(C:\Users\Meschio\AppData\Local\Programs\MiKTeX\tex/generic/kvdefinekeys\kvdefi
nekeys.sty
Package: kvdefinekeys 2019-12-19 v1.6 Define keys (HO)
)
(C:\Users\Meschio\AppData\Local\Programs\MiKTeX\tex/generic/pdfescape\pdfescape
.sty
Package: pdfescape 2019/12/09 v1.15 Implements pdfTeX's escape features (HO)
)
(C:\Users\Meschio\AppData\Local\Programs\MiKTeX\tex/latex/hycolor\hycolor.sty
Package: hycolor 2020-01-27 v1.10 Color options for hyperref/bookmark (HO)
)
(C:\Users\Meschio\AppData\Local\Programs\MiKTeX\tex/latex/letltxmacro\letltxmac
ro.sty
Package: letltxmacro 2019/12/03 v1.6 Let assignment for LaTeX macros (HO)
)
(C:\Users\Meschio\AppData\Local\Programs\MiKTeX\tex/latex/auxhook\auxhook.sty
Package: auxhook 2019-12-17 v1.6 Hooks for auxiliary files (HO)
)
(C:\Users\Meschio\AppData\Local\Programs\MiKTeX\tex/latex/kvoptions\kvoptions.s
ty
Package: kvoptions 2020-10-07 v3.14 Key value format for package options (HO)
)
\@linkdim=\dimen154
\Hy@linkcounter=\count271
\Hy@pagecounter=\count272

(C:\Users\Meschio\AppData\Local\Programs\MiKTeX\tex/latex/hyperref\pd1enc.def
File: pd1enc.def 2020-05-15 v7.00e Hyperref: PDFDocEncoding definition (HO)
Now handling font encoding PD1 ...
... no UTF-8 mapping file for font encoding PD1
)
(C:\Users\Meschio\AppData\Local\Programs\MiKTeX\tex/generic/intcalc\intcalc.sty
Package: intcalc 2019/12/15 v1.3 Expandable calculations with integers (HO)
)
(C:\Users\Meschio\AppData\Local\Programs\MiKTeX\tex/generic/etexcmds\etexcmds.s
ty
Package: etexcmds 2019/12/15 v1.7 Avoid name clashes with e-TeX commands (HO)
)
\Hy@SavedSpaceFactor=\count273
Package hyperref Info: Hyper figures OFF on input line 4464.
Package hyperref Info: Link nesting OFF on input line 4469.
Package hyperref Info: Hyper index ON on input line 4472.
Package hyperref Info: Plain pages OFF on input line 4479.
Package hyperref Info: Backreferencing OFF on input line 4484.
Package hyperref Info: Implicit mode ON; LaTeX internals redefined.
Package hyperref Info: Bookmarks ON on input line 4717.
\c@Hy@tempcnt=\count274
 (C:\Users\Meschio\AppData\Local\Programs\MiKTeX\tex/latex/url\url.sty
\Urlmuskip=\muskip17
Package: url 2013/09/16  ver 3.4  Verb mode for urls, etc.
)
LaTeX Info: Redefining \url on input line 5076.
\XeTeXLinkMargin=\dimen155

(C:\Users\Meschio\AppData\Local\Programs\MiKTeX\tex/generic/bitset\bitset.sty
Package: bitset 2019/12/09 v1.3 Handle bit-vector datatype (HO)

(C:\Users\Meschio\AppData\Local\Programs\MiKTeX\tex/generic/bigintcalc\bigintca
lc.sty
Package: bigintcalc 2019/12/15 v1.5 Expandable calculations on big integers (HO
)
))
\Fld@menulength=\count275
\Field@Width=\dimen156
\Fld@charsize=\dimen157
Package hyperref Info: Hyper figures OFF on input line 6347.
Package hyperref Info: Link nesting OFF on input line 6352.
Package hyperref Info: Hyper index ON on input line 6355.
Package hyperref Info: backreferencing OFF on input line 6362.
Package hyperref Info: Link coloring OFF on input line 6367.
Package hyperref Info: Link coloring with OCG OFF on input line 6372.
Package hyperref Info: PDF/A mode OFF on input line 6377.
LaTeX Info: Redefining \ref on input line 6417.
LaTeX Info: Redefining \pageref on input line 6421.

(C:\Users\Meschio\AppData\Local\Programs\MiKTeX\tex/latex/base\atbegshi-ltx.sty
Package: atbegshi-ltx 2020/08/17 v1.0a Emulation of the original atbegshi packa
ge
with kernel methods
)
\Hy@abspage=\count276
\c@Item=\count277
\c@Hfootnote=\count278
)
Package hyperref Info: Driver (autodetected): hpdftex.

(C:\Users\Meschio\AppData\Local\Programs\MiKTeX\tex/latex/hyperref\hpdftex.def
File: hpdftex.def 2020-05-15 v7.00e Hyperref driver for pdfTeX

(C:\Users\Meschio\AppData\Local\Programs\MiKTeX\tex/latex/base\atveryend-ltx.st
y
Package: atveryend-ltx 2020/08/19 v1.0a Emulation of the original atvery packag
e
with kernel methods
)
\Fld@listcount=\count279
\c@bookmark@seq@number=\count280

(C:\Users\Meschio\AppData\Local\Programs\MiKTeX\tex/latex/rerunfilecheck\rerunf
ilecheck.sty
Package: rerunfilecheck 2019/12/05 v1.9 Rerun checks for auxiliary files (HO)

(C:\Users\Meschio\AppData\Local\Programs\MiKTeX\tex/generic/uniquecounter\uniqu
ecounter.sty
Package: uniquecounter 2019/12/15 v1.4 Provide unlimited unique counter (HO)
)
Package uniquecounter Info: New unique counter `rerunfilecheck' on input line 2
86.
)
\Hy@SectionHShift=\skip52
)
(C:\Users\Meschio\AppData\Local\Programs\MiKTeX\tex/latex/imakeidx\imakeidx.sty
Package: imakeidx 2016/10/15 v1.3e Package for typesetting indices in a synchro
nous mode
(C:\Users\Meschio\AppData\Local\Programs\MiKTeX\tex/latex/xkeyval\xkeyval.sty
Package: xkeyval 2020/11/20 v2.8 package option processing (HA)

(C:\Users\Meschio\AppData\Local\Programs\MiKTeX\tex/generic/xkeyval\xkeyval.tex

(C:\Users\Meschio\AppData\Local\Programs\MiKTeX\tex/generic/xkeyval\xkvutils.te
x
\XKV@toks=\toks23
\XKV@tempa@toks=\toks24
)
\XKV@depth=\count281
File: xkeyval.tex 2014/12/03 v2.7a key=value parser (HA)
))
(C:\Users\Meschio\AppData\Local\Programs\MiKTeX\tex/generic/iftex\ifxetex.sty
Package: ifxetex 2019/10/25 v0.7 ifxetex legacy package. Use iftex instead.
)
(C:\Users\Meschio\AppData\Local\Programs\MiKTeX\tex/generic/iftex\ifluatex.sty
Package: ifluatex 2019/10/25 v1.5 ifluatex legacy package. Use iftex instead.
) (C:\Users\Meschio\AppData\Local\Programs\MiKTeX\tex/latex/tools\multicol.sty
Package: multicol 2019/12/09 v1.8y multicolumn formatting (FMi)
\c@tracingmulticols=\count282
\mult@box=\box51
\multicol@leftmargin=\dimen158
\c@unbalance=\count283
\c@collectmore=\count284
\doublecol@number=\count285
\multicoltolerance=\count286
\multicolpretolerance=\count287
\full@width=\dimen159
\page@free=\dimen160
\premulticols=\dimen161
\postmulticols=\dimen162
\multicolsep=\skip53
\multicolbaselineskip=\skip54
\partial@page=\box52
\last@line=\box53
\maxbalancingoverflow=\dimen163
\mult@rightbox=\box54
\mult@grightbox=\box55
\mult@gfirstbox=\box56
\mult@firstbox=\box57
\@tempa=\box58
\@tempa=\box59
\@tempa=\box60
\@tempa=\box61
\@tempa=\box62
\@tempa=\box63
\@tempa=\box64
\@tempa=\box65
\@tempa=\box66
\@tempa=\box67
\@tempa=\box68
\@tempa=\box69
\@tempa=\box70
\@tempa=\box71
\@tempa=\box72
\@tempa=\box73
\@tempa=\box74
\@tempa=\box75
\@tempa=\box76
\@tempa=\box77
\@tempa=\box78
\@tempa=\box79
\@tempa=\box80
\@tempa=\box81
\@tempa=\box82
\@tempa=\box83
\@tempa=\box84
\@tempa=\box85
\@tempa=\box86
\@tempa=\box87
\@tempa=\box88
\@tempa=\box89
\@tempa=\box90
\@tempa=\box91
\@tempa=\box92
\@tempa=\box93
\@tempa=\box94
\c@minrows=\count288
\c@columnbadness=\count289
\c@finalcolumnbadness=\count290
\last@try=\dimen164
\multicolovershoot=\dimen165
\multicolundershoot=\dimen166
\mult@nat@firstbox=\box95
\colbreak@box=\box96
\mc@col@check@num=\count291
))
\SimpleDocument@idxfile=\write3
\openout3 = `SimpleDocument.idx'.

Writing index file SimpleDocument.idx

(C:\Users\Meschio\AppData\Local\Programs\MiKTeX\tex/latex/l3backend\l3backend-p
dftex.def
File: l3backend-pdftex.def 2020-09-24 L3 backend support: PDF output (pdfTeX)
\l__kernel_color_stack_int=\count292
\l__pdf_internal_box=\box97
) (SimpleDocument.aux)
\openout1 = `SimpleDocument.aux'.

LaTeX Font Info:    Checking defaults for OML/cmm/m/it on input line 24.
LaTeX Font Info:    ... okay on input line 24.
LaTeX Font Info:    Checking defaults for OMS/cmsy/m/n on input line 24.
LaTeX Font Info:    ... okay on input line 24.
LaTeX Font Info:    Checking defaults for OT1/cmr/m/n on input line 24.
LaTeX Font Info:    ... okay on input line 24.
LaTeX Font Info:    Checking defaults for T1/cmr/m/n on input line 24.
LaTeX Font Info:    ... okay on input line 24.
LaTeX Font Info:    Checking defaults for TS1/cmr/m/n on input line 24.
LaTeX Font Info:    ... okay on input line 24.
LaTeX Font Info:    Checking defaults for OMX/cmex/m/n on input line 24.
LaTeX Font Info:    ... okay on input line 24.
LaTeX Font Info:    Checking defaults for U/cmr/m/n on input line 24.
LaTeX Font Info:    ... okay on input line 24.
LaTeX Font Info:    Checking defaults for PD1/pdf/m/n on input line 24.
LaTeX Font Info:    ... okay on input line 24.

(C:\Users\Meschio\AppData\Local\Programs\MiKTeX\tex/context/base/mkii\supp-pdf.
mkii
[Loading MPS to PDF converter (version 2006.09.02).]
\scratchcounter=\count293
\scratchdimen=\dimen167
\scratchbox=\box98
\nofMPsegments=\count294
\nofMParguments=\count295
\everyMPshowfont=\toks25
\MPscratchCnt=\count296
\MPscratchDim=\dimen168
\MPnumerator=\count297
\makeMPintoPDFobject=\count298
\everyMPtoPDFconversion=\toks26
)
(C:\Users\Meschio\AppData\Local\Programs\MiKTeX\tex/latex/epstopdf-pkg\epstopdf
-base.sty
Package: epstopdf-base 2020-01-24 v2.11 Base part for package epstopdf
Package epstopdf-base Info: Redefining graphics rule for `.eps' on input line 4
85.
)
\c@lstlisting=\count299
Package hyperref Info: Link coloring OFF on input line 24.

(C:\Users\Meschio\AppData\Local\Programs\MiKTeX\tex/latex/hyperref\nameref.sty
Package: nameref 2019/09/16 v2.46 Cross-referencing by name of section

(C:\Users\Meschio\AppData\Local\Programs\MiKTeX\tex/latex/refcount\refcount.sty
Package: refcount 2019/12/15 v3.6 Data extraction from label references (HO)
)
(C:\Users\Meschio\AppData\Local\Programs\MiKTeX\tex/generic/gettitlestring\gett
itlestring.sty
Package: gettitlestring 2019/12/15 v1.6 Cleanup title references (HO)
)
\c@section@level=\count300
)
LaTeX Info: Redefining \ref on input line 24.
LaTeX Info: Redefining \pageref on input line 24.
LaTeX Info: Redefining \nameref on input line 24.
 (SimpleDocument.out) (SimpleDocument.out)
\@outlinefile=\write4
\openout4 = `SimpleDocument.out'.

LaTeX Font Info:    Trying to load font information for U+msa on input line 26.


(C:\Users\Meschio\AppData\Local\Programs\MiKTeX\tex/latex/amsfonts\umsa.fd
File: umsa.fd 2013/01/14 v3.01 AMS symbols A
)
LaTeX Font Info:    Trying to load font information for U+msb on input line 26.


(C:\Users\Meschio\AppData\Local\Programs\MiKTeX\tex/latex/amsfonts\umsb.fd
File: umsb.fd 2013/01/14 v3.01 AMS symbols B
)
Underfull \hbox (badness 10000) in paragraph at lines 28--31

 []

(SimpleDocument.toc [1
Non-PDF special ignored!
<special> papersize=614.295pt,794.96999pt

{C:/Users/Meschio/AppData/Local/MiKTeX/pdftex/config/pdftex.map}] [2])
\tf@toc=\write5
\openout5 = `SimpleDocument.toc'.

 [3]
[4]
Overfull \hbox (6.79999pt too wide) in paragraph at lines 65--84
[] 
 []


Underfull \hbox (badness 10000) in paragraph at lines 65--84

 []


Underfull \hbox (badness 10000) in paragraph at lines 65--84

 []

[5]
Overfull \hbox (6.79999pt too wide) in paragraph at lines 95--113
[] 
 []


Underfull \hbox (badness 10000) in paragraph at lines 95--113

 []


Underfull \hbox (badness 10000) in paragraph at lines 95--113

 []


Overfull \hbox (6.79999pt too wide) in paragraph at lines 126--143
[] 
 []


Underfull \hbox (badness 10000) in paragraph at lines 126--143

 []


Underfull \hbox (badness 10000) in paragraph at lines 126--143

 []


Underfull \hbox (badness 10000) in paragraph at lines 126--143

 []

[6] [7]
Overfull \hbox (6.79999pt too wide) in paragraph at lines 157--176
[] 
 []


Underfull \hbox (badness 10000) in paragraph at lines 157--176

 []


Underfull \hbox (badness 10000) in paragraph at lines 157--176

 []

[8] [9] [10]
Overfull \hbox (6.79999pt too wide) in paragraph at lines 191--212
[] 
 []


Underfull \hbox (badness 10000) in paragraph at lines 191--212

 []


Overfull \hbox (6.79999pt too wide) in paragraph at lines 224--240
[] 
 []


Underfull \hbox (badness 10000) in paragraph at lines 224--240

 []

[11] [12]
Underfull \hbox (badness 10000) in paragraph at lines 250--251

 []


Package hyperref Warning: Token not allowed in a PDF string (PDFDocEncoding):
(hyperref)                removing `math shift' on input line 271.


Package hyperref Warning: Token not allowed in a PDF string (PDFDocEncoding):
(hyperref)                removing `\Rightarrow' on input line 271.


Package hyperref Warning: Token not allowed in a PDF string (PDFDocEncoding):
(hyperref)                removing `math shift' on input line 271.


Package hyperref Warning: Token not allowed in a PDF string (PDFDocEncoding):
(hyperref)                removing `math shift' on input line 277.


Package hyperref Warning: Token not allowed in a PDF string (PDFDocEncoding):
(hyperref)                removing `\Rightarrow' on input line 277.


Package hyperref Warning: Token not allowed in a PDF string (PDFDocEncoding):
(hyperref)                removing `math shift' on input line 277.


Underfull \hbox (badness 10000) in paragraph at lines 302--302

 []


Overfull \hbox (6.79999pt too wide) in paragraph at lines 288--305
[] 
 []


Underfull \hbox (badness 10000) in paragraph at lines 288--305

 []

[13] [14]
Underfull \hbox (badness 10000) in paragraph at lines 320--322

 []

<immagini/mappa.jpg, id=399, 986.18437pt x 372.64218pt>
File: immagini/mappa.jpg Graphic file (type jpg)
<use immagini/mappa.jpg>
Package pdftex.def Info: immagini/mappa.jpg  used on input line 324.
(pdftex.def)             Requested size: 341.43306pt x 129.01657pt.

Underfull \hbox (badness 10000) in paragraph at lines 332--333

 []

[15 <./immagini/mappa.jpg>]
Underfull \hbox (badness 10000) in paragraph at lines 341--342

 []

<immagini/PivotSimplex.jpg, id=404, 596.2275pt x 219.06844pt>
File: immagini/PivotSimplex.jpg Graphic file (type jpg)
<use immagini/PivotSimplex.jpg>
Package pdftex.def Info: immagini/PivotSimplex.jpg  used on input line 344.
(pdftex.def)             Requested size: 341.43306pt x 125.45192pt.

Underfull \hbox (badness 10000) in paragraph at lines 351--352

 []

<immagini/DualSimplex0.jpg, id=405, 633.86812pt x 188.20313pt>
File: immagini/DualSimplex0.jpg Graphic file (type jpg)
<use immagini/DualSimplex0.jpg>
Package pdftex.def Info: immagini/DualSimplex0.jpg  used on input line 353.
(pdftex.def)             Requested size: 284.52756pt x 84.48097pt.

Underfull \hbox (badness 10000) in paragraph at lines 356--357

 []

<immagini/DualSimplex1.jpg, id=406, 643.6547pt x 204.765pt>
File: immagini/DualSimplex1.jpg Graphic file (type jpg)
<use immagini/DualSimplex1.jpg>
Package pdftex.def Info: immagini/DualSimplex1.jpg  used on input line 359.
(pdftex.def)             Requested size: 284.52756pt x 90.51866pt.
[16 <./immagini/PivotSimplex.jpg> <./immagini/DualSimplex0.jpg>]
Underfull \hbox (badness 10000) in paragraph at lines 362--363

 []

<immagini/DualSimplex2.jpg, id=412, 651.18282pt x 255.20343pt>
File: immagini/DualSimplex2.jpg Graphic file (type jpg)
<use immagini/DualSimplex2.jpg>
Package pdftex.def Info: immagini/DualSimplex2.jpg  used on input line 365.
(pdftex.def)             Requested size: 284.52756pt x 111.51103pt.

Underfull \hbox (badness 10000) in paragraph at lines 371--372

 []

<immagini/2fasi0.jpg, id=413, 597.73312pt x 119.69719pt>
File: immagini/2fasi0.jpg Graphic file (type jpg)
<use immagini/2fasi0.jpg>
Package pdftex.def Info: immagini/2fasi0.jpg  used on input line 374.
(pdftex.def)             Requested size: 341.43306pt x 68.37238pt.
<immagini/2fasi1.jpg, id=414, 572.1375pt x 100.87688pt>
File: immagini/2fasi1.jpg Graphic file (type jpg)
<use immagini/2fasi1.jpg>
Package pdftex.def Info: immagini/2fasi1.jpg  used on input line 381.
(pdftex.def)             Requested size: 341.43306pt x 60.20026pt.
[17 <./immagini/DualSimplex1.jpg> <./immagini/DualSimplex2.jpg> <./immagini/2fa
si0.jpg>]
Underfull \hbox (badness 10000) in paragraph at lines 384--385

 []

<immagini/2fasi2.jpg, id=419, 669.2503pt x 165.61874pt>
File: immagini/2fasi2.jpg Graphic file (type jpg)
<use immagini/2fasi2.jpg>
Package pdftex.def Info: immagini/2fasi2.jpg  used on input line 387.
(pdftex.def)             Requested size: 341.43306pt x 84.49728pt.

Underfull \hbox (badness 10000) in paragraph at lines 391--392

 []

<immagini/2fasi3.jpg, id=420, 649.67719pt x 248.42813pt>
File: immagini/2fasi3.jpg Graphic file (type jpg)
<use immagini/2fasi3.jpg>
Package pdftex.def Info: immagini/2fasi3.jpg  used on input line 394.
(pdftex.def)             Requested size: 341.43306pt x 130.56319pt.

Underfull \hbox (badness 10000) in paragraph at lines 397--399

 []

<immagini/2fasi4.jpg, id=421, 599.99156pt x 109.1578pt>
File: immagini/2fasi4.jpg Graphic file (type jpg)
<use immagini/2fasi4.jpg>
Package pdftex.def Info: immagini/2fasi4.jpg  used on input line 400.
(pdftex.def)             Requested size: 341.43306pt x 62.11899pt.

Underfull \hbox (badness 10000) in paragraph at lines 403--404

 []

[18 <./immagini/2fasi1.jpg> <./immagini/2fasi2.jpg> <./immagini/2fasi3.jpg> <./
immagini/2fasi4.jpg>]
<immagini/2fasi5.jpg, id=426, 538.26094pt x 111.41624pt>
File: immagini/2fasi5.jpg Graphic file (type jpg)
<use immagini/2fasi5.jpg>
Package pdftex.def Info: immagini/2fasi5.jpg  used on input line 406.
(pdftex.def)             Requested size: 341.43306pt x 70.67542pt.

Underfull \hbox (badness 10000) in paragraph at lines 410--412

 []

<immagini/DualeProblema0.jpg, id=427, 491.58656pt x 136.25906pt>
File: immagini/DualeProblema0.jpg Graphic file (type jpg)
<use immagini/DualeProblema0.jpg>
Package pdftex.def Info: immagini/DualeProblema0.jpg  used on input line 415.
(pdftex.def)             Requested size: 227.62204pt x 63.09366pt.
<immagini/DualeProblema0a.jpg, id=428, 487.06969pt x 135.50626pt>
File: immagini/DualeProblema0a.jpg Graphic file (type jpg)
<use immagini/DualeProblema0a.jpg>
Package pdftex.def Info: immagini/DualeProblema0a.jpg  used on input line 416.
(pdftex.def)             Requested size: 227.62204pt x 63.3261pt.

Underfull \hbox (badness 10000) in paragraph at lines 424--425

 []

[19 <./immagini/2fasi5.jpg> <./immagini/DualeProblema0.jpg> <./immagini/DualePr
oblema0a.jpg>]
<immagini/DualeProblema0b.jpg, id=434, 489.32813pt x 217.5628pt>
File: immagini/DualeProblema0b.jpg Graphic file (type jpg)
<use immagini/DualeProblema0b.jpg>
Package pdftex.def Info: immagini/DualeProblema0b.jpg  used on input line 435.
(pdftex.def)             Requested size: 227.62204pt x 101.20549pt.

Underfull \hbox (badness 10000) in paragraph at lines 438--439

 []

<immagini/DualeProblema.jpg, id=435, 348.55219pt x 158.09062pt>
File: immagini/DualeProblema.jpg Graphic file (type jpg)
<use immagini/DualeProblema.jpg>
Package pdftex.def Info: immagini/DualeProblema.jpg  used on input line 441.
(pdftex.def)             Requested size: 227.62204pt x 103.24013pt.

Underfull \hbox (badness 10000) in paragraph at lines 444--451

 []

[20 <./immagini/DualeProblema0b.jpg> <./immagini/DualeProblema.jpg>]
<immagini/ProblemaDuale1.jpg, id=440, 254.45062pt x 180.675pt>
File: immagini/ProblemaDuale1.jpg Graphic file (type jpg)
<use immagini/ProblemaDuale1.jpg>
Package pdftex.def Info: immagini/ProblemaDuale1.jpg  used on input line 461.
(pdftex.def)             Requested size: 142.26378pt x 101.02016pt.

Underfull \hbox (badness 10000) in paragraph at lines 467--470

 []

[21 <./immagini/ProblemaDuale1.jpg>]
<immagini/Grafico1.jpg, id=445, 345.54094pt x 341.77687pt>
File: immagini/Grafico1.jpg Graphic file (type jpg)
<use immagini/Grafico1.jpg>
Package pdftex.def Info: immagini/Grafico1.jpg  used on input line 484.
(pdftex.def)             Requested size: 256.0748pt x 253.29163pt.

Underfull \hbox (badness 10000) in paragraph at lines 489--490

 []

[22 <./immagini/Grafico1.jpg>]
Underfull \hbox (badness 10000) in paragraph at lines 494--496

 []

<immagini/Gomory0.jpg, id=450, 236.38312pt x 109.91063pt>
File: immagini/Gomory0.jpg Graphic file (type jpg)
<use immagini/Gomory0.jpg>
Package pdftex.def Info: immagini/Gomory0.jpg  used on input line 498.
(pdftex.def)             Requested size: 170.71652pt x 79.37875pt.

Underfull \hbox (badness 10000) in paragraph at lines 509--510

 []


Underfull \hbox (badness 10000) in paragraph at lines 513--515

 []

<immagini/Gomory1.jpg, id=451, 268.75406pt x 137.01187pt>
File: immagini/Gomory1.jpg Graphic file (type jpg)
<use immagini/Gomory1.jpg>
Package pdftex.def Info: immagini/Gomory1.jpg  used on input line 516.
(pdftex.def)             Requested size: 170.71652pt x 87.03293pt.

Underfull \hbox (badness 10000) in paragraph at lines 519--520

 []

<immagini/Gomory2.jpg, id=452, 575.90157pt x 146.04562pt>
File: immagini/Gomory2.jpg Graphic file (type jpg)
<use immagini/Gomory2.jpg>
Package pdftex.def Info: immagini/Gomory2.jpg  used on input line 522.
(pdftex.def)             Requested size: 256.0748pt x 64.93994pt.
[23 <./immagini/Gomory0.jpg> <./immagini/Gomory1.jpg>]
Underfull \hbox (badness 10000) in paragraph at lines 525--526

 []


Underfull \hbox (badness 10000) in paragraph at lines 531--532

 []

<immagini/Gomory3.jpg, id=457, 632.3625pt x 169.38281pt>
File: immagini/Gomory3.jpg Graphic file (type jpg)
<use immagini/Gomory3.jpg>
Package pdftex.def Info: immagini/Gomory3.jpg  used on input line 534.
(pdftex.def)             Requested size: 256.0748pt x 68.5919pt.

Underfull \hbox (badness 10000) in paragraph at lines 537--538

 []

<immagini/Gomory4.jpg, id=458, 280.79906pt x 161.10187pt>
File: immagini/Gomory4.jpg Graphic file (type jpg)
<use immagini/Gomory4.jpg>
Package pdftex.def Info: immagini/Gomory4.jpg  used on input line 540.
(pdftex.def)             Requested size: 170.71652pt x 97.94505pt.

Overfull \hbox (6.79999pt too wide) in paragraph at lines 552--571
[] 
 []


Underfull \hbox (badness 10000) in paragraph at lines 552--571

 []

[24 <./immagini/Gomory2.jpg> <./immagini/Gomory3.jpg> <./immagini/Gomory4.jpg>]

Underfull \hbox (badness 10000) in paragraph at lines 580--581

 []

<immagini/matrici/2_0_1_0.jpg, id=463, 572.89032pt x 545.78906pt>
File: immagini/matrici/2_0_1_0.jpg Graphic file (type jpg)
<use immagini/matrici/2_0_1_0.jpg>
Package pdftex.def Info: immagini/matrici/2_0_1_0.jpg  used on input line 583.
(pdftex.def)             Requested size: 284.52756pt x 271.07pt.
[25]
Underfull \hbox (badness 10000) in paragraph at lines 586--593

 []

[26 <./immagini/matrici/2_0_1_0.jpg>]
Underfull \hbox (badness 10000) in paragraph at lines 616--616

 []


Overfull \hbox (6.79999pt too wide) in paragraph at lines 596--617
[] 
 []

<immagini/matrici/2_6_3_0.jpg, id=473, 351.56343pt x 718.93594pt>
File: immagini/matrici/2_6_3_0.jpg Graphic file (type jpg)
<use immagini/matrici/2_6_3_0.jpg>
Package pdftex.def Info: immagini/matrici/2_6_3_0.jpg  used on input line 619.
(pdftex.def)             Requested size: 284.52756pt x 581.84128pt.
[27]
Overfull \vbox (26.84128pt too high) has occurred while \output is active []


[28 <./immagini/matrici/2_6_3_0.jpg>]
<immagini/matrici/2_6_3_1.jpg, id=482, 353.06906pt x 270.25969pt>
File: immagini/matrici/2_6_3_1.jpg Graphic file (type jpg)
<use immagini/matrici/2_6_3_1.jpg>
Package pdftex.def Info: immagini/matrici/2_6_3_1.jpg  used on input line 622.
(pdftex.def)             Requested size: 284.52756pt x 217.7957pt.

Underfull \hbox (badness 10000) in paragraph at lines 647--647

 []


Underfull \hbox (badness 10000) in paragraph at lines 647--647

 []


Overfull \hbox (6.79999pt too wide) in paragraph at lines 625--648
[] 
 []


Underfull \hbox (badness 10000) in paragraph at lines 649--652

 []


Underfull \hbox (badness 10000) in paragraph at lines 649--652

 []

[29 <./immagini/matrici/2_6_3_1.jpg>] [30]
Underfull \hbox (badness 10000) in paragraph at lines 677--680

 []

<immagini/grafi/Dijkstra1.jpg, id=491, 639.89063pt x 374.90062pt>
File: immagini/grafi/Dijkstra1.jpg Graphic file (type jpg)
<use immagini/grafi/Dijkstra1.jpg>
Package pdftex.def Info: immagini/grafi/Dijkstra1.jpg  used on input line 681.
(pdftex.def)             Requested size: 227.62204pt x 133.36237pt.

Underfull \hbox (badness 10000) in paragraph at lines 683--684

 []

<immagini/grafi/Dijkstra2.jpg, id=492, 478.03593pt x 246.9225pt>
File: immagini/grafi/Dijkstra2.jpg Graphic file (type jpg)
<use immagini/grafi/Dijkstra2.jpg>
Package pdftex.def Info: immagini/grafi/Dijkstra2.jpg  used on input line 686.
(pdftex.def)             Requested size: 227.62204pt x 117.57198pt.

Underfull \hbox (badness 10000) in paragraph at lines 689--691

 []

[31 <./immagini/grafi/Dijkstra1.jpg> <./immagini/grafi/Dijkstra2.jpg>]
<immagini/grafi/Dijkstra3.jpg, id=498, 475.7775pt x 249.93375pt>
File: immagini/grafi/Dijkstra3.jpg Graphic file (type jpg)
<use immagini/grafi/Dijkstra3.jpg>
Package pdftex.def Info: immagini/grafi/Dijkstra3.jpg  used on input line 693.
(pdftex.def)             Requested size: 227.62204pt x 119.57402pt.
<immagini/grafi/Dijkstra4.jpg, id=499, 485.56406pt x 252.19218pt>
File: immagini/grafi/Dijkstra4.jpg Graphic file (type jpg)
<use immagini/grafi/Dijkstra4.jpg>
Package pdftex.def Info: immagini/grafi/Dijkstra4.jpg  used on input line 699.
(pdftex.def)             Requested size: 227.62204pt x 118.21863pt.
<immagini/grafi/Dijkstra5.jpg, id=500, 479.54156pt x 246.9225pt>
File: immagini/grafi/Dijkstra5.jpg Graphic file (type jpg)
<use immagini/grafi/Dijkstra5.jpg>
Package pdftex.def Info: immagini/grafi/Dijkstra5.jpg  used on input line 705.
(pdftex.def)             Requested size: 227.62204pt x 117.2065pt.
<immagini/grafi/Dijkstra6.jpg, id=501, 483.30562pt x 244.66406pt>
File: immagini/grafi/Dijkstra6.jpg Graphic file (type jpg)
<use immagini/grafi/Dijkstra6.jpg>
Package pdftex.def Info: immagini/grafi/Dijkstra6.jpg  used on input line 706.
(pdftex.def)             Requested size: 227.62204pt x 115.22731pt.
 [32 <./immagini/grafi/Dijkstra3.jpg> <./immagini/grafi/Dijkstra4.jpg> <./immag
ini/grafi/Dijkstra5.jpg>]
Underfull \hbox (badness 10000) in paragraph at lines 710--711

 []

<immagini/grafi/SPT1.jpg, id=506, 305.64188pt x 193.47281pt>
File: immagini/grafi/SPT1.jpg Graphic file (type jpg)
<use immagini/grafi/SPT1.jpg>
Package pdftex.def Info: immagini/grafi/SPT1.jpg  used on input line 713.
(pdftex.def)             Requested size: 142.26378pt x 90.05249pt.
<immagini/grafi/SPT2.jpg, id=507, 296.60812pt x 134.75343pt>
File: immagini/grafi/SPT2.jpg Graphic file (type jpg)
<use immagini/grafi/SPT2.jpg>
Package pdftex.def Info: immagini/grafi/SPT2.jpg  used on input line 714.
(pdftex.def)             Requested size: 142.26378pt x 64.6336pt.

Underfull \hbox (badness 10000) in paragraph at lines 716--722

 []

<immagini/grafi/SPT3.jpg, id=508, 380.92313pt x 295.1025pt>
File: immagini/grafi/SPT3.jpg Graphic file (type jpg)
<use immagini/grafi/SPT3.jpg>
Package pdftex.def Info: immagini/grafi/SPT3.jpg  used on input line 723.
(pdftex.def)             Requested size: 142.26378pt x 110.20836pt.
<immagini/grafi/SPT4.jpg, id=509, 761.09344pt x 320.69812pt>
File: immagini/grafi/SPT4.jpg Graphic file (type jpg)
<use immagini/grafi/SPT4.jpg>
Package pdftex.def Info: immagini/grafi/SPT4.jpg  used on input line 724.
(pdftex.def)             Requested size: 284.52756pt x 119.89449pt.
[33 <./immagini/grafi/Dijkstra6.jpg> <./immagini/grafi/SPT1.jpg> <./immagini/gr
afi/SPT2.jpg> <./immagini/grafi/SPT3.jpg>] [34 <./immagini/grafi/SPT4.jpg>]
Underfull \hbox (badness 10000) in paragraph at lines 743--744

 []

<immagini/grafi/Prim1.jpg, id=518, 179.16937pt x 143.78719pt>
File: immagini/grafi/Prim1.jpg Graphic file (type jpg)
<use immagini/grafi/Prim1.jpg>
Package pdftex.def Info: immagini/grafi/Prim1.jpg  used on input line 745.
(pdftex.def)             Requested size: 170.71652pt x 137.01172pt.
<immagini/grafi/Prim2.jpg, id=519, 625.58719pt x 165.61874pt>
File: immagini/grafi/Prim2.jpg Graphic file (type jpg)
<use immagini/grafi/Prim2.jpg>
Package pdftex.def Info: immagini/grafi/Prim2.jpg  used on input line 752.
(pdftex.def)             Requested size: 312.9803pt x 82.8597pt.
<immagini/grafi/Prim3.jpg, id=520, 585.68813pt x 158.84344pt>
File: immagini/grafi/Prim3.jpg Graphic file (type jpg)
<use immagini/grafi/Prim3.jpg>
Package pdftex.def Info: immagini/grafi/Prim3.jpg  used on input line 758.
(pdftex.def)             Requested size: 312.9803pt x 84.88708pt.
<immagini/grafi/Prim4.jpg, id=521, 606.01407pt x 231.11343pt>
File: immagini/grafi/Prim4.jpg Graphic file (type jpg)
<use immagini/grafi/Prim4.jpg>
Package pdftex.def Info: immagini/grafi/Prim4.jpg  used on input line 764.
(pdftex.def)             Requested size: 312.9803pt x 119.36153pt.
[35 <./immagini/grafi/Prim1.jpg> <./immagini/grafi/Prim2.jpg> <./immagini/grafi
/Prim3.jpg>]
Underfull \hbox (badness 10000) in paragraph at lines 768--769

 []

<immagini/grafi/3_1_1_0.jpg, id=526, 289.83281pt x 201.75375pt>
File: immagini/grafi/3_1_1_0.jpg Graphic file (type jpg)
<use immagini/grafi/3_1_1_0.jpg>
Package pdftex.def Info: immagini/grafi/3_1_1_0.jpg  used on input line 781.
(pdftex.def)             Requested size: 142.26378pt x 99.02951pt.

Overfull \hbox (6.79999pt too wide) in paragraph at lines 770--782
[] 
 []


Underfull \hbox (badness 10000) in paragraph at lines 783--784

 []

LaTeX Font Info:    Trying to load font information for OMS+cmr on input line 7
87.
(C:\Users\Meschio\AppData\Local\Programs\MiKTeX\tex/latex/base\omscmr.fd
File: omscmr.fd 2019/12/16 v2.5j Standard LaTeX font definitions
)
LaTeX Font Info:    Font shape `OMS/cmr/m/n' in size <10> not available
(Font)              Font shape `OMS/cmsy/m/n' tried instead on input line 787.

Underfull \hbox (badness 10000) in paragraph at lines 785--790

 []

<immagini/grafi/3_1_1_1.jpg, id=527, 474.27188pt x 373.395pt>
File: immagini/grafi/3_1_1_1.jpg Graphic file (type jpg)
<use immagini/grafi/3_1_1_1.jpg>
Package pdftex.def Info: immagini/grafi/3_1_1_1.jpg  used on input line 792.
(pdftex.def)             Requested size: 199.16928pt x 156.80774pt.
[36 <./immagini/grafi/Prim4.jpg> <./immagini/grafi/3_1_1_0.jpg>]
<immagini/grafi/3_2_2_0.jpg, id=532, 463.7325pt x 242.40562pt>
File: immagini/grafi/3_2_2_0.jpg Graphic file (type jpg)
<use immagini/grafi/3_2_2_0.jpg>
Package pdftex.def Info: immagini/grafi/3_2_2_0.jpg  used on input line 827.
(pdftex.def)             Requested size: 199.16928pt x 104.11401pt.

Overfull \hbox (6.79999pt too wide) in paragraph at lines 812--830
[] 
 []

[37 <./immagini/grafi/3_1_1_1.jpg>]
Underfull \hbox (badness 10000) in paragraph at lines 832--833

 []

<immagini/grafi/3_2_2_1.jpg, id=538, 670.75594pt x 367.3725pt>
File: immagini/grafi/3_2_2_1.jpg Graphic file (type jpg)
<use immagini/grafi/3_2_2_1.jpg>
Package pdftex.def Info: immagini/grafi/3_2_2_1.jpg  used on input line 835.
(pdftex.def)             Requested size: 284.52756pt x 155.83133pt.
[38 <./immagini/grafi/3_2_2_0.jpg> <./immagini/grafi/3_2_2_1.jpg>]
<immagini/grafi/3_2_2_2.jpg, id=543, 441.90094pt x 250.68657pt>
File: immagini/grafi/3_2_2_2.jpg Graphic file (type jpg)
<use immagini/grafi/3_2_2_2.jpg>
Package pdftex.def Info: immagini/grafi/3_2_2_2.jpg  used on input line 842.
(pdftex.def)             Requested size: 170.71652pt x 96.84549pt.
 [39 <./immagini/grafi/3_2_2_2.jpg>]
Overfull \hbox (6.79999pt too wide) in paragraph at lines 850--867
[] 
 []


Underfull \hbox (badness 10000) in paragraph at lines 850--867

 []

<immagini/grafi/3_2_3_0.jpg, id=548, 472.01344pt x 141.52875pt>
File: immagini/grafi/3_2_3_0.jpg Graphic file (type jpg)
<use immagini/grafi/3_2_3_0.jpg>
Package pdftex.def Info: immagini/grafi/3_2_3_0.jpg  used on input line 868.
(pdftex.def)             Requested size: 199.16928pt x 59.72025pt.
<immagini/grafi/3_2_3_0a.jpg, id=549, 481.8pt x 127.22531pt>
File: immagini/grafi/3_2_3_0a.jpg Graphic file (type jpg)
<use immagini/grafi/3_2_3_0a.jpg>
Package pdftex.def Info: immagini/grafi/3_2_3_0a.jpg  used on input line 869.
(pdftex.def)             Requested size: 199.16928pt x 52.59174pt.

Overfull \hbox (70.56078pt too wide) in paragraph at lines 868--870
[][] [] 
 []

<immagini/grafi/3_2_3_1.jpg, id=550, 484.05844pt x 152.82094pt>
File: immagini/grafi/3_2_3_1.jpg Graphic file (type jpg)
<use immagini/grafi/3_2_3_1.jpg>
Package pdftex.def Info: immagini/grafi/3_2_3_1.jpg  used on input line 874.
(pdftex.def)             Requested size: 199.16928pt x 62.8785pt.
<immagini/grafi/3_2_3_1a.jpg, id=551, 475.7775pt x 137.7647pt>
File: immagini/grafi/3_2_3_1a.jpg Graphic file (type jpg)
<use immagini/grafi/3_2_3_1a.jpg>
Package pdftex.def Info: immagini/grafi/3_2_3_1a.jpg  used on input line 875.
(pdftex.def)             Requested size: 199.16928pt x 57.67157pt.

Overfull \hbox (70.56078pt too wide) in paragraph at lines 874--876
[][] [] 
 []

[40 <./immagini/grafi/3_2_3_0.jpg> <./immagini/grafi/3_2_3_0a.jpg> <./immagini/
grafi/3_2_3_1.jpg> <./immagini/grafi/3_2_3_1a.jpg>]
<immagini/grafi/3_2_3_2.jpg, id=556, 477.28313pt x 144.54pt>
File: immagini/grafi/3_2_3_2.jpg Graphic file (type jpg)
<use immagini/grafi/3_2_3_2.jpg>
Package pdftex.def Info: immagini/grafi/3_2_3_2.jpg  used on input line 880.
(pdftex.def)             Requested size: 199.16928pt x 60.316pt.
<immagini/grafi/3_2_3_2a.jpg, id=557, 471.26062pt x 129.48375pt>
File: immagini/grafi/3_2_3_2a.jpg Graphic file (type jpg)
<use immagini/grafi/3_2_3_2a.jpg>
Package pdftex.def Info: immagini/grafi/3_2_3_2a.jpg  used on input line 881.
(pdftex.def)             Requested size: 199.16928pt x 54.7246pt.

Overfull \hbox (70.56078pt too wide) in paragraph at lines 880--882
[][] [] 
 []


Underfull \hbox (badness 10000) in paragraph at lines 883--885

 []

<immagini/grafi/3_2_3_3.jpg, id=558, 463.7325pt x 131.74219pt>
File: immagini/grafi/3_2_3_3.jpg Graphic file (type jpg)
<use immagini/grafi/3_2_3_3.jpg>
Package pdftex.def Info: immagini/grafi/3_2_3_3.jpg  used on input line 890.
(pdftex.def)             Requested size: 199.16928pt x 56.5837pt.
<immagini/grafi/3_2_3_3a.jpg, id=559, 472.01344pt x 127.22531pt>
File: immagini/grafi/3_2_3_3a.jpg Graphic file (type jpg)
<use immagini/grafi/3_2_3_3a.jpg>
Package pdftex.def Info: immagini/grafi/3_2_3_3a.jpg  used on input line 891.
(pdftex.def)             Requested size: 199.16928pt x 53.68468pt.

Overfull \hbox (70.56078pt too wide) in paragraph at lines 890--896
[][] [] 
 []

<immagini/grafi/3_2_3_4.jpg, id=560, 463.7325pt x 131.74219pt>
File: immagini/grafi/3_2_3_4.jpg Graphic file (type jpg)
<use immagini/grafi/3_2_3_4.jpg>
Package pdftex.def Info: immagini/grafi/3_2_3_4.jpg  used on input line 897.
(pdftex.def)             Requested size: 199.16928pt x 56.5837pt.
<immagini/grafi/3_2_3_4a.jpg, id=561, 486.31688pt x 128.73094pt>
File: immagini/grafi/3_2_3_4a.jpg Graphic file (type jpg)
<use immagini/grafi/3_2_3_4a.jpg>
Package pdftex.def Info: immagini/grafi/3_2_3_4a.jpg  used on input line 898.
(pdftex.def)             Requested size: 199.16928pt x 52.72108pt.

Overfull \hbox (70.56078pt too wide) in paragraph at lines 897--901
[][] [] 
 []

[41 <./immagini/grafi/3_2_3_2.jpg> <./immagini/grafi/3_2_3_2a.jpg> <./immagini/
grafi/3_2_3_3.jpg> <./immagini/grafi/3_2_3_3a.jpg> <./immagini/grafi/3_2_3_4.jp
g> <./immagini/grafi/3_2_3_4a.jpg>]
<immagini/grafi/3_2_3_5.jpg, id=566, 472.76625pt x 132.495pt>
File: immagini/grafi/3_2_3_5.jpg Graphic file (type jpg)
<use immagini/grafi/3_2_3_5.jpg>
Package pdftex.def Info: immagini/grafi/3_2_3_5.jpg  used on input line 902.
(pdftex.def)             Requested size: 199.16928pt x 55.81935pt.
<immagini/grafi/3_2_3_5a.jpg, id=567, 468.24937pt x 129.48375pt>
File: immagini/grafi/3_2_3_5a.jpg Graphic file (type jpg)
<use immagini/grafi/3_2_3_5a.jpg>
Package pdftex.def Info: immagini/grafi/3_2_3_5a.jpg  used on input line 903.
(pdftex.def)             Requested size: 199.16928pt x 55.07628pt.

Overfull \hbox (70.56078pt too wide) in paragraph at lines 902--904
[][] [] 
 []

<immagini/grafi/3_2_4_0.jpg, id=568, 365.11406pt x 202.50656pt>
File: immagini/grafi/3_2_4_0.jpg Graphic file (type jpg)
<use immagini/grafi/3_2_4_0.jpg>
Package pdftex.def Info: immagini/grafi/3_2_4_0.jpg  used on input line 907.
(pdftex.def)             Requested size: 199.16928pt x 110.46739pt.
<immagini/grafi/3_2_4_1.jpg, id=569, 490.83376pt x 210.03468pt>
File: immagini/grafi/3_2_4_1.jpg Graphic file (type jpg)
<use immagini/grafi/3_2_4_1.jpg>
Package pdftex.def Info: immagini/grafi/3_2_4_1.jpg  used on input line 913.
(pdftex.def)             Requested size: 256.0748pt x 109.58081pt.
<immagini/grafi/3_2_4_2.jpg, id=570, 487.06969pt x 200.24812pt>
File: immagini/grafi/3_2_4_2.jpg Graphic file (type jpg)
<use immagini/grafi/3_2_4_2.jpg>
Package pdftex.def Info: immagini/grafi/3_2_4_2.jpg  used on input line 919.
(pdftex.def)             Requested size: 256.0748pt x 105.2785pt.
File: immagini/grafi/3_2_4_0.jpg Graphic file (type jpg)
<use immagini/grafi/3_2_4_0.jpg>
Package pdftex.def Info: immagini/grafi/3_2_4_0.jpg  used on input line 920.
(pdftex.def)             Requested size: 142.26378pt x 78.90306pt.

Overfull \hbox (70.56079pt too wide) in paragraph at lines 919--921
[][] [] 
 []

[42 <./immagini/grafi/3_2_3_5.jpg> <./immagini/grafi/3_2_3_5a.jpg> <./immagini/
grafi/3_2_4_0.jpg> <./immagini/grafi/3_2_4_1.jpg>]
<immagini/grafi/3_2_4_3.jpg, id=575, 491.58656pt x 205.5178pt>
File: immagini/grafi/3_2_4_3.jpg Graphic file (type jpg)
<use immagini/grafi/3_2_4_3.jpg>
Package pdftex.def Info: immagini/grafi/3_2_4_3.jpg  used on input line 928.
(pdftex.def)             Requested size: 256.0748pt x 107.06116pt.
File: immagini/grafi/3_2_4_0.jpg Graphic file (type jpg)
<use immagini/grafi/3_2_4_0.jpg>
Package pdftex.def Info: immagini/grafi/3_2_4_0.jpg  used on input line 929.
(pdftex.def)             Requested size: 142.26378pt x 78.90306pt.

Overfull \hbox (70.56079pt too wide) in paragraph at lines 928--930
[][] [] 
 []

<immagini/grafi/3_2_4_5.jpg, id=576, 490.83376pt x 205.5178pt>
File: immagini/grafi/3_2_4_5.jpg Graphic file (type jpg)
<use immagini/grafi/3_2_4_5.jpg>
Package pdftex.def Info: immagini/grafi/3_2_4_5.jpg  used on input line 935.
(pdftex.def)             Requested size: 256.0748pt x 107.22423pt.
<immagini/grafi/3_2_4_5a.jpg, id=577, 367.3725pt x 201.75375pt>
File: immagini/grafi/3_2_4_5a.jpg Graphic file (type jpg)
<use immagini/grafi/3_2_4_5a.jpg>
Package pdftex.def Info: immagini/grafi/3_2_4_5a.jpg  used on input line 936.
(pdftex.def)             Requested size: 142.26378pt x 78.1295pt.

Overfull \hbox (70.56079pt too wide) in paragraph at lines 935--937
[][] [] 
 []

<immagini/grafi/3_2_4_6.jpg, id=578, 490.83376pt x 201.00093pt>
File: immagini/grafi/3_2_4_6.jpg Graphic file (type jpg)
<use immagini/grafi/3_2_4_6.jpg>
Package pdftex.def Info: immagini/grafi/3_2_4_6.jpg  used on input line 942.
(pdftex.def)             Requested size: 256.0748pt x 104.86765pt.
<immagini/grafi/3_2_4_6a.jpg, id=579, 366.61969pt x 203.25937pt>
File: immagini/grafi/3_2_4_6a.jpg Graphic file (type jpg)
<use immagini/grafi/3_2_4_6a.jpg>
Package pdftex.def Info: immagini/grafi/3_2_4_6a.jpg  used on input line 943.
(pdftex.def)             Requested size: 142.26378pt x 78.87384pt.

Overfull \hbox (70.56079pt too wide) in paragraph at lines 942--944
[][] [] 
 []

[43 <./immagini/grafi/3_2_4_2.jpg> <./immagini/grafi/3_2_4_3.jpg> <./immagini/g
rafi/3_2_4_5.jpg> <./immagini/grafi/3_2_4_5a.jpg>]
<immagini/grafi/3_2_4_7.jpg, id=585, 492.33937pt x 201.00093pt>
File: immagini/grafi/3_2_4_7.jpg Graphic file (type jpg)
<use immagini/grafi/3_2_4_7.jpg>
Package pdftex.def Info: immagini/grafi/3_2_4_7.jpg  used on input line 950.
(pdftex.def)             Requested size: 256.0748pt x 104.54868pt.
<immagini/grafi/3_2_4_7a.jpg, id=586, 365.86688pt x 203.25937pt>
File: immagini/grafi/3_2_4_7a.jpg Graphic file (type jpg)
<use immagini/grafi/3_2_4_7a.jpg>
Package pdftex.def Info: immagini/grafi/3_2_4_7a.jpg  used on input line 951.
(pdftex.def)             Requested size: 142.26378pt x 79.03511pt.

Overfull \hbox (70.56079pt too wide) in paragraph at lines 950--952
[][] [] 
 []


Underfull \hbox (badness 10000) in paragraph at lines 959--960

 []

<immagini/grafi/3_2_5_0.jpg, id=587, 250.68657pt x 124.21407pt>
File: immagini/grafi/3_2_5_0.jpg Graphic file (type jpg)
<use immagini/grafi/3_2_5_0.jpg>
Package pdftex.def Info: immagini/grafi/3_2_5_0.jpg  used on input line 962.
(pdftex.def)             Requested size: 170.71652pt x 84.5933pt.

Underfull \hbox (badness 10000) in paragraph at lines 965--966

 []

[44 <./immagini/grafi/3_2_4_6.jpg> <./immagini/grafi/3_2_4_6a.jpg> <./immagini/
grafi/3_2_4_7.jpg> <./immagini/grafi/3_2_4_7a.jpg> <./immagini/grafi/3_2_5_0.jp
g>]
Underfull \hbox (badness 10000) in paragraph at lines 972--974

 []

<immagini/grafi/3_2_5_1.jpg, id=592, 207.02344pt x 204.01219pt>
File: immagini/grafi/3_2_5_1.jpg Graphic file (type jpg)
<use immagini/grafi/3_2_5_1.jpg>
Package pdftex.def Info: immagini/grafi/3_2_5_1.jpg  used on input line 975.
(pdftex.def)             Requested size: 170.71652pt x 168.23741pt.

Underfull \hbox (badness 10000) in paragraph at lines 977--979

 []

<immagini/grafi/3_2_5_2a.jpg, id=593, 411.03563pt x 143.03438pt>
File: immagini/grafi/3_2_5_2a.jpg Graphic file (type jpg)
<use immagini/grafi/3_2_5_2a.jpg>
Package pdftex.def Info: immagini/grafi/3_2_5_2a.jpg  used on input line 980.
(pdftex.def)             Requested size: 227.62204pt x 79.20822pt.
<immagini/grafi/3_2_5_3.jpg, id=594, 243.15843pt x 255.95625pt>
File: immagini/grafi/3_2_5_3.jpg Graphic file (type jpg)
<use immagini/grafi/3_2_5_3.jpg>
Package pdftex.def Info: immagini/grafi/3_2_5_3.jpg  used on input line 981.
(pdftex.def)             Requested size: 170.71652pt x 179.6993pt.
[45 <./immagini/grafi/3_2_5_1.jpg> <./immagini/grafi/3_2_5_2a.jpg>]
Underfull \hbox (badness 10000) in paragraph at lines 984--987

 []

<immagini/grafi/3_2_5_4.jpg, id=599, 497.60907pt x 221.32687pt>
File: immagini/grafi/3_2_5_4.jpg Graphic file (type jpg)
<use immagini/grafi/3_2_5_4.jpg>
Package pdftex.def Info: immagini/grafi/3_2_5_4.jpg  used on input line 988.
(pdftex.def)             Requested size: 227.62204pt x 101.24422pt.

Underfull \hbox (badness 10000) in paragraph at lines 990--992

 []

<immagini/grafi/3_2_5_5.jpg, id=600, 231.86626pt x 222.07968pt>
File: immagini/grafi/3_2_5_5.jpg Graphic file (type jpg)
<use immagini/grafi/3_2_5_5.jpg>
Package pdftex.def Info: immagini/grafi/3_2_5_5.jpg  used on input line 993.
(pdftex.def)             Requested size: 170.71652pt x 163.51294pt.
[46 <./immagini/grafi/3_2_5_3.jpg> <./immagini/grafi/3_2_5_4.jpg>]
Underfull \hbox (badness 10000) in paragraph at lines 995--996

 []

<immagini/grafi/3_2_5_2.jpg, id=605, 511.9125pt x 331.2375pt>
File: immagini/grafi/3_2_5_2.jpg Graphic file (type jpg)
<use immagini/grafi/3_2_5_2.jpg>
Package pdftex.def Info: immagini/grafi/3_2_5_2.jpg  used on input line 998.
(pdftex.def)             Requested size: 227.62204pt x 147.28143pt.

Overfull \hbox (6.79999pt too wide) in paragraph at lines 1003--1023
[] 
 []


Underfull \hbox (badness 10000) in paragraph at lines 1003--1023

 []

[47 <./immagini/grafi/3_2_5_5.jpg> <./immagini/grafi/3_2_5_2.jpg>]
<immagini/grafi/PLC1.jpg, id=610, 525.46312pt x 380.92313pt>
File: immagini/grafi/PLC1.jpg Graphic file (type jpg)
<use immagini/grafi/PLC1.jpg>
Package pdftex.def Info: immagini/grafi/PLC1.jpg  used on input line 1024.
(pdftex.def)             Requested size: 256.0748pt x 185.6426pt.
<immagini/grafi/PLC2.jpg, id=611, 520.94624pt x 362.85562pt>
File: immagini/grafi/PLC2.jpg Graphic file (type jpg)
<use immagini/grafi/PLC2.jpg>
Package pdftex.def Info: immagini/grafi/PLC2.jpg  used on input line 1028.
(pdftex.def)             Requested size: 256.0748pt x 178.36555pt.
 [48 <./immagini/grafi/PLC1.jpg>]
<immagini/grafi/PLC3.jpg, id=616, 518.6878pt x 337.26pt>
File: immagini/grafi/PLC3.jpg Graphic file (type jpg)
<use immagini/grafi/PLC3.jpg>
Package pdftex.def Info: immagini/grafi/PLC3.jpg  used on input line 1032.
(pdftex.def)             Requested size: 256.0748pt x 166.50935pt.
<immagini/grafi/PLC4.jpg, id=617, 551.81157pt x 352.31625pt>
File: immagini/grafi/PLC4.jpg Graphic file (type jpg)
<use immagini/grafi/PLC4.jpg>
Package pdftex.def Info: immagini/grafi/PLC4.jpg  used on input line 1036.
(pdftex.def)             Requested size: 256.0748pt x 163.5028pt.
<immagini/grafi/PLC5.jpg, id=618, 444.15938pt x 391.4625pt>
File: immagini/grafi/PLC5.jpg Graphic file (type jpg)
<use immagini/grafi/PLC5.jpg>
Package pdftex.def Info: immagini/grafi/PLC5.jpg  used on input line 1039.
(pdftex.def)             Requested size: 199.16928pt x 175.53528pt.
 [49 <./immagini/grafi/PLC2.jpg> <./immagini/grafi/PLC3.jpg> <./immagini/grafi/
PLC4.jpg>]
Overfull \hbox (6.79999pt too wide) in paragraph at lines 1043--1057
[] 
 []


Underfull \hbox (badness 10000) in paragraph at lines 1043--1057

 []

<immagini/grafi/3_2_1_0.jpg, id=624, 465.23813pt x 414.04688pt>
File: immagini/grafi/3_2_1_0.jpg Graphic file (type jpg)
<use immagini/grafi/3_2_1_0.jpg>
Package pdftex.def Info: immagini/grafi/3_2_1_0.jpg  used on input line 1062.
(pdftex.def)             Requested size: 199.16928pt x 177.25327pt.
[50 <./immagini/grafi/PLC5.jpg>] [51 <./immagini/grafi/3_2_1_0.jpg>]
Underfull \hbox (badness 10000) in paragraph at lines 1103--1103

 []


(C:\Users\Meschio\AppData\Local\Programs\MiKTeX\tex/latex/listings\lstlang1.sty
File: lstlang1.sty 2020/03/24 1.8d listings language file
)
(C:\Users\Meschio\AppData\Local\Programs\MiKTeX\tex/latex/listings\lstmisc.sty
File: lstmisc.sty 2020/03/24 1.8d (Carsten Heinz)
)
Overfull \hbox (6.79999pt too wide) in paragraph at lines 1086--1113
[] 
 []


Underfull \hbox (badness 10000) in paragraph at lines 1086--1113

 []

[52]
Underfull \hbox (badness 10000) in paragraph at lines 1156--1156

 []


Overfull \hbox (66.31479pt too wide) detected at line 1156
[]
 []


Overfull \hbox (73.11478pt too wide) in paragraph at lines 1137--1166
[] 
 []


Underfull \hbox (badness 10000) in paragraph at lines 1137--1166

 []

[53]
Underfull \hbox (badness 10000) in paragraph at lines 1217--1217

 []


Overfull \hbox (6.79999pt too wide) in paragraph at lines 1201--1227
[] 
 []


Underfull \hbox (badness 10000) in paragraph at lines 1201--1227

 []

[54] [55]
Underfull \hbox (badness 10000) in paragraph at lines 1256--1257

 []


Underfull \hbox (badness 10000) in paragraph at lines 1258--1267

 []


Underfull \hbox (badness 10000) in paragraph at lines 1293--1294

 []

[56]
Missing character: There is no  in font cmr10!
Missing character: There is no  in font cmr10!
Missing character: There is no  in font cmr10!
Missing character: There is no  in font cmr10!
Missing character: There is no  in font cmr10!
Missing character: There is no  in font cmr10!
Missing character: There is no  in font cmr10!
Missing character: There is no  in font cmr10!
Missing character: There is no  in font cmr10!

Overfull \hbox (6.79999pt too wide) in paragraph at lines 1312--1324
[] 
 []


Overfull \hbox (6.79999pt too wide) in paragraph at lines 1325--1338
[] 
 []

[57]
Overfull \hbox (6.79999pt too wide) in paragraph at lines 1339--1350
[] 
 []

Missing character: There is no  in font cmr10!
Missing character: There is no  in font cmr10!
Missing character: There is no  in font cmr10!
Missing character: There is no  in font cmr10!
Missing character: There is no  in font cmr10!
Missing character: There is no  in font cmr10!
Missing character: There is no  in font cmr10!
Missing character: There is no  in font cmr10!
Missing character: There is no  in font cmr10!
Missing character: There is no  in font cmr10!
Missing character: There is no  in font cmr10!
Missing character: There is no  in font cmr10!
Missing character: There is no  in font cmr10!
Missing character: There is no  in font cmr10!
Missing character: There is no  in font cmr10!

Overfull \hbox (6.79999pt too wide) in paragraph at lines 1351--1363
[] 
 []

Missing character: There is no  in font cmr10!
Missing character: There is no  in font cmr10!
Missing character: There is no  in font cmr10!
Missing character: There is no  in font cmr10!
Missing character: There is no  in font cmr10!
Missing character: There is no  in font cmr10!

Overfull \hbox (6.79999pt too wide) in paragraph at lines 1364--1374
[] 
 []


Overfull \hbox (6.79999pt too wide) in paragraph at lines 1375--1383
[] 
 []

[58]
Overfull \hbox (6.79999pt too wide) in paragraph at lines 1385--1393
[] 
 []


Overfull \hbox (6.79999pt too wide) in paragraph at lines 1395--1403
[] 
 []

Missing character: There is no  in font cmr10!
Missing character: There is no  in font cmr10!
Missing character: There is no  in font cmr10!
Missing character: There is no  in font cmr10!
Missing character: There is no  in font cmr10!
Missing character: There is no  in font cmr10!

Overfull \hbox (6.79999pt too wide) in paragraph at lines 1405--1413
[] 
 []


Overfull \hbox (6.79999pt too wide) in paragraph at lines 1414--1422
[] 
 []

[59] [60] (SimpleDocument.aux)
Package rerunfilecheck Info: File `SimpleDocument.out' has not changed.
(rerunfilecheck)             Checksum: E819F50BC83584E1FC153B9849328368;4516.
 ) 
Here is how much of TeX's memory you used:
 9578 strings out of 479697
 147099 string characters out of 2866183
 740037 words of memory out of 3000000
 26198 multiletter control sequences out of 15000+200000
 412403 words of font info for 62 fonts, out of 3000000 for 9000
 1141 hyphenation exceptions out of 8191
 66i,18n,74p,698b,2020s stack positions out of 5000i,500n,10000p,200000b,50000s
 <C:\Users\Meschio\AppData\Local\MiKTeX\fonts/pk/ljfour/jknappen/ec/dpi600\tc
rm1000.pk><C:/Users/Meschio/AppData/Local/Programs/MiKTeX/fonts/type1/public/am
sfonts/cm/cmbx10.pfb><C:/Users/Meschio/AppData/Local/Programs/MiKTeX/fonts/type
1/public/amsfonts/cm/cmbx12.pfb><C:/Users/Meschio/AppData/Local/Programs/MiKTeX
/fonts/type1/public/amsfonts/cm/cmbx9.pfb><C:/Users/Meschio/AppData/Local/Progr
ams/MiKTeX/fonts/type1/public/amsfonts/cm/cmex10.pfb><C:/Users/Meschio/AppData/
Local/Programs/MiKTeX/fonts/type1/public/amsfonts/cm/cmmi10.pfb><C:/Users/Mesch
io/AppData/Local/Programs/MiKTeX/fonts/type1/public/amsfonts/cm/cmmi5.pfb><C:/U
sers/Meschio/AppData/Local/Programs/MiKTeX/fonts/type1/public/amsfonts/cm/cmmi7
.pfb><C:/Users/Meschio/AppData/Local/Programs/MiKTeX/fonts/type1/public/amsfont
s/cm/cmr10.pfb><C:/Users/Meschio/AppData/Local/Programs/MiKTeX/fonts/type1/publ
ic/amsfonts/cm/cmr12.pfb><C:/Users/Meschio/AppData/Local/Programs/MiKTeX/fonts/
type1/public/amsfonts/cm/cmr17.pfb><C:/Users/Meschio/AppData/Local/Programs/MiK
TeX/fonts/type1/public/amsfonts/cm/cmr5.pfb><C:/Users/Meschio/AppData/Local/Pro
grams/MiKTeX/fonts/type1/public/amsfonts/cm/cmr7.pfb><C:/Users/Meschio/AppData/
Local/Programs/MiKTeX/fonts/type1/public/amsfonts/cm/cmr9.pfb><C:/Users/Meschio
/AppData/Local/Programs/MiKTeX/fonts/type1/public/amsfonts/cm/cmsy10.pfb><C:/Us
ers/Meschio/AppData/Local/Programs/MiKTeX/fonts/type1/public/amsfonts/cm/cmsy7.
pfb><C:/Users/Meschio/AppData/Local/Programs/MiKTeX/fonts/type1/public/amsfonts
/cm/cmtt10.pfb><C:/Users/Meschio/AppData/Local/Programs/MiKTeX/fonts/type1/publ
ic/amsfonts/symbols/msam10.pfb>
Output written on SimpleDocument.pdf (60 pages, 2895238 bytes).
PDF statistics:
 878 PDF objects out of 1000 (max. 8388607)
 223 named destinations out of 1000 (max. 500000)
 908 words of extra memory for PDF output out of 10000 (max. 10000000)

