\BOOKMARK [1][-]{section.1}{\376\377\000M\000o\000d\000e\000l\000l\000i}{}% 1
\BOOKMARK [2][-]{subsection.1.1}{\376\377\000C\000e\000n\000n\000i\000\040\000d\000i\000\040\000B\000a\000s\000e}{section.1}% 2
\BOOKMARK [2][-]{subsection.1.2}{\376\377\000E\000s\000e\000r\000c\000i\000z\000i}{section.1}% 3
\BOOKMARK [3][-]{subsubsection.1.2.1}{\376\377\000P\000r\000o\000b\000l\000e\000m\000a\000\040\000c\000o\000n\000\040\000D\000e\000l\000t\000a}{subsection.1.2}% 4
\BOOKMARK [3][-]{subsubsection.1.2.2}{\376\377\000P\000r\000o\000b\000l\000e\000m\000a\000\040\000c\000o\000n\000\040\000m\000a\000s\000s\000i\000m\000a\000\040\000d\000i\000s\000t\000a\000n\000z\000a}{subsection.1.2}% 5
\BOOKMARK [3][-]{subsubsection.1.2.3}{\376\377\000P\000r\000o\000b\000l\000e\000m\000a\000\040\000V\000a\000r\000i\000a\000b\000i\000l\000e\000\040\000T\000r\000i\000p\000l\000o\000\040\000i\000n\000d\000i\000c\000e}{subsection.1.2}% 6
\BOOKMARK [3][-]{subsubsection.1.2.4}{\376\377\000P\000r\000o\000b\000l\000e\000m\000a\000\040\000d\000i\000\040\000T\000r\000a\000s\000p\000o\000r\000t\000o}{subsection.1.2}% 7
\BOOKMARK [3][-]{subsubsection.1.2.5}{\376\377\000P\000r\000o\000b\000l\000e\000m\000a\000\040\000d\000i\000\040\000S\000t\000o\000c\000c\000a\000g\000g\000i\000o}{subsection.1.2}% 8
\BOOKMARK [3][-]{subsubsection.1.2.6}{\376\377\000P\000r\000o\000b\000l\000e\000m\000a\000\040\000d\000i\000\040\000S\000t\000o\000c\000c\000a\000g\000g\000i\000o\000\040\0002}{subsection.1.2}% 9
\BOOKMARK [1][-]{section.2}{\376\377\000F\000o\000r\000m\000e\000:\000\040\000S\000t\000a\000n\000d\000a\000r\000d\000,\000\040\000C\000a\000n\000o\000n\000i\000c\000a\000,\000\040\000G\000e\000n\000e\000r\000a\000l\000e}{}% 10
\BOOKMARK [2][-]{subsection.2.1}{\376\377\000S\000t\000a\000n\000d\000a\000r\000d\000\040\000\040\000C\000a\000n\000o\000n\000i\000c\000a}{section.2}% 11
\BOOKMARK [2][-]{subsection.2.2}{\376\377\000G\000e\000n\000e\000r\000a\000l\000e\000\040\000\040\000S\000t\000a\000n\000d\000a\000r\000d}{section.2}% 12
\BOOKMARK [2][-]{subsection.2.3}{\376\377\000E\000s\000e\000r\000c\000i\000z\000i\000o\000\040\000T\000r\000a\000s\000f\000o\000r\000m\000a\000z\000i\000o\000n\000e\000\040\000G\000r\000a\000n\000\040\000F\000r\000i\000t\000t\000o\000\040\000M\000i\000s\000t\000o}{section.2}% 13
\BOOKMARK [1][-]{section.3}{\376\377\000M\000a\000t\000r\000i\000c\000i\000\040\000:\000\040\000L\000P\000,\000\040\000I\000L\000P}{}% 14
\BOOKMARK [2][-]{subsection.3.1}{\376\377\000F\000o\000n\000d\000a\000m\000e\000n\000t\000i\000\040\000C\000o\000n\000c\000e\000t\000t\000u\000a\000l\000i}{section.3}% 15
\BOOKMARK [3][-]{subsubsection.3.1.1}{\376\377\000Q\000u\000a\000l\000e\000\040\000S\000i\000m\000p\000l\000e\000s\000s\000o\000?}{subsection.3.1}% 16
\BOOKMARK [2][-]{subsection.3.2}{\376\377\000L\000P}{section.3}% 17
\BOOKMARK [3][-]{subsubsection.3.2.1}{\376\377\000S\000i\000m\000p\000l\000e\000s\000s\000o}{subsection.3.2}% 18
\BOOKMARK [3][-]{subsubsection.3.2.2}{\376\377\000S\000i\000m\000p\000l\000e\000s\000s\000o\000\040\000D\000u\000a\000l\000e}{subsection.3.2}% 19
\BOOKMARK [3][-]{subsubsection.3.2.3}{\376\377\0002\000F\000a\000s\000i}{subsection.3.2}% 20
\BOOKMARK [3][-]{subsubsection.3.2.4}{\376\377\000D\000u\000a\000l\000e\000\040\000d\000e\000l\000\040\000p\000r\000o\000b\000l\000e\000m\000a}{subsection.3.2}% 21
\BOOKMARK [2][-]{subsection.3.3}{\376\377\000R\000a\000p\000p\000r\000e\000s\000e\000n\000t\000a\000z\000i\000o\000n\000e\000\040\000G\000r\000a\000f\000i\000c\000a}{section.3}% 22
\BOOKMARK [2][-]{subsection.3.4}{\376\377\000I\000L\000P}{section.3}% 23
\BOOKMARK [3][-]{subsubsection.3.4.1}{\376\377\000T\000a\000g\000l\000i\000\040\000d\000i\000\040\000G\000o\000m\000o\000r\000y}{subsection.3.4}% 24
\BOOKMARK [2][-]{subsection.3.5}{\376\377\000E\000s\000e\000r\000c\000i\000z\000i\000\040\000P\000a\000r\000t\000i\000c\000o\000l\000a\000r\000i}{section.3}% 25
\BOOKMARK [3][-]{subsubsection.3.5.1}{\376\377\000S\000i\000m\000p\000l\000e\000s\000s\000o\000\040\000c\000o\000n\000\040\000v\000a\000r\000i\000a\000b\000i\000l\000i\000\040\000f\000r\000e\000e}{subsection.3.5}% 26
\BOOKMARK [3][-]{subsubsection.3.5.2}{\376\377\000P\000r\000o\000b\000l\000e\000m\000a\000\040\000P\000L\000C\000\040\000c\000o\000n\000\040\000s\000i\000m\000p\000l\000e\000s\000s\000o\000\040\000e\000\040\000g\000o\000m\000o\000r\000y\000\040\000i\000n\000\040\000s\000a\000l\000s\000a\000\040\000t\000e\000r\000i\000y\000a\000k\000i}{subsection.3.5}% 27
\BOOKMARK [3][-]{subsubsection.3.5.3}{\376\377\000S\000e\000n\000s\000t\000i\000v\000i\000t\000y\000\040\000A\000n\000a\000l\000y\000s\000i\000s}{subsection.3.5}% 28
\BOOKMARK [1][-]{section.4}{\376\377\000G\000r\000a\000f\000i}{}% 29
\BOOKMARK [2][-]{subsection.4.1}{\376\377\000G\000T}{section.4}% 30
\BOOKMARK [3][-]{subsubsection.4.1.1}{\376\377\000D\000i\000j\000k\000s\000t\000r\000a}{subsection.4.1}% 31
\BOOKMARK [3][-]{subsubsection.4.1.2}{\376\377\000S\000h\000o\000r\000t\000e\000s\000t\000\040\000P\000a\000t\000h\000\040\000T\000r\000e\000e}{subsection.4.1}% 32
\BOOKMARK [2][-]{subsection.4.2}{\376\377\000S\000S\000T}{section.4}% 33
\BOOKMARK [3][-]{subsubsection.4.2.1}{\376\377\000C\000e\000n\000n\000i\000\040\000d\000i\000\040\000B\000a\000s\000e}{subsection.4.2}% 34
\BOOKMARK [3][-]{subsubsection.4.2.2}{\376\377\000S\000S\000T\000\040\000P\000r\000i\000m\000'\000s}{subsection.4.2}% 35
\BOOKMARK [3][-]{subsubsection.4.2.3}{\376\377\000S\000S\000T\000\040\000D\000a\000\040\000M\000a\000t\000r\000i\000c\000e\000\040\000t\000r\000o\000v\000a\000r\000e\000\040\000l\000a\000\040\000s\000o\000l\000u\000z\000i\000o\000n\000e\000\040\000o\000t\000t\000i\000m\000a\000l\000e}{subsection.4.2}% 36
\BOOKMARK [2][-]{subsection.4.3}{\376\377\000M\000a\000x\000\040\000F\000l\000o\000w}{section.4}% 37
\BOOKMARK [3][-]{subsubsection.4.3.1}{\376\377\000C\000e\000n\000n\000i\000\040\000d\000i\000\040\000B\000a\000s\000e}{subsection.4.3}% 38
\BOOKMARK [3][-]{subsubsection.4.3.2}{\376\377\000F\000l\000o\000w\000\040\000N\000e\000t\000w\000o\000r\000k}{subsection.4.3}% 39
\BOOKMARK [2][-]{subsection.4.4}{\376\377\000D\000P}{section.4}% 40
\BOOKMARK [3][-]{subsubsection.4.4.1}{\376\377\000D\000P\000\040\000K\000n\000a\000p\000s\000a\000c\000k\000\040\0000\000-\0001\000\040\000D\000y\000n\000a\000m\000i\000c\000\040\000P\000r\000o\000g\000r\000a\000m\000m\000i\000n\000g}{subsection.4.4}% 41
\BOOKMARK [3][-]{subsubsection.4.4.2}{\376\377\000D\000P\000:\000\040\000S\000S\000P\000\040\000B\000e\000l\000l\000m\000a\000n\000'\000s\000-\000F\000o\000r\000d}{subsection.4.4}% 42
\BOOKMARK [2][-]{subsection.4.5}{\376\377\000I\000L\000P}{section.4}% 43
\BOOKMARK [3][-]{subsubsection.4.5.1}{\376\377\000I\000L\000P\000\040\000s\000t\000a\000n\000d\000a\000r\000d\000\040\000B\000\046\000B}{subsection.4.5}% 44
\BOOKMARK [3][-]{subsubsection.4.5.2}{\376\377\000I\000L\000P\000\040\000e\000s\000e\000r\000c\000i\000z\000i\000o\000\040\000s\000t\000a\000n\000d\000a\000r\000d\000\040\000B\000\046\000B}{subsection.4.5}% 45
\BOOKMARK [3][-]{subsubsection.4.5.3}{\376\377\000I\000L\000P\000\040\000e\000s\000e\000r\000c\000i\000z\000i\000o\000\040\000B\000\046\000B\000\040\0000\000-\0001}{subsection.4.5}% 46
\BOOKMARK [1][-]{section.5}{\376\377\000G\000P\000L\000K}{}% 47
\BOOKMARK [2][-]{subsection.5.1}{\376\377\000D\000a\000l\000\040\000m\000o\000d\000e\000l\000l\000o\000\040\000a\000l\000\040\000c\000o\000d\000i\000c\000e}{section.5}% 48
\BOOKMARK [3][-]{subsubsection.5.1.1}{\376\377\000M\000o\000d\000e\000l\000l\000o\000\040\000E\000a\000s\000y}{subsection.5.1}% 49
\BOOKMARK [3][-]{subsubsection.5.1.2}{\376\377\000C\000a\000s\000o\000\040\000P\000a\000r\000t\000i\000c\000o\000l\000a\000r\000e\000\040\0001\000\040\000G\000r\000a\000f\000f\000a}{subsection.5.1}% 50
\BOOKMARK [3][-]{subsubsection.5.1.3}{\376\377\000C\000a\000s\000o\000\040\000P\000a\000r\000t\000i\000c\000o\000l\000a\000r\000e\000\040\0002\000\040\000S\000o\000m\000m\000a\000t\000o\000r\000i\000a\000\040\000d\000o\000p\000p\000i\000o\000\040\000i\000n\000s\000i\000e\000m\000e}{subsection.5.1}% 51
\BOOKMARK [2][-]{subsection.5.2}{\376\377\000D\000a\000l\000\040\000c\000o\000d\000i\000c\000e\000\040\000a\000l\000\040\000m\000o\000d\000e\000l\000l\000o}{section.5}% 52
\BOOKMARK [3][-]{subsubsection.5.2.1}{\376\377\000N\000o\000r\000m\000a\000l\000e}{subsection.5.2}% 53
\BOOKMARK [1][-]{section.6}{\376\377\000D\000o\000m\000a\000n\000d\000e\000\040\000v\000a\000r\000i\000e\000\040\000d\000i\000\040\000t\000e\000o\000r\000i\000a}{}% 54
\BOOKMARK [2][-]{subsection.6.1}{\376\377\000P\000L\000C\000\040\000d\000e\000g\000e\000n\000e\000r\000a\000t\000e}{section.6}% 55
\BOOKMARK [2][-]{subsection.6.2}{\376\377\000P\000L\000C\000\040\000s\000e\000n\000s\000i\000t\000i\000v\000t\000y}{section.6}% 56
\BOOKMARK [2][-]{subsection.6.3}{\376\377\000B\000\046\000B}{section.6}% 57
\BOOKMARK [2][-]{subsection.6.4}{\376\377\000P\000L\000C\000\040\000m\000i\000n\000i\000m\000i\000z\000a\000t\000i\000o\000n}{section.6}% 58
\BOOKMARK [2][-]{subsection.6.5}{\376\377\000c\000u\000t\000t\000i\000n\000g\000\040\000P\000l\000a\000n\000e}{section.6}% 59
\BOOKMARK [2][-]{subsection.6.6}{\376\377\000P\000L\000C\000\040\000d\000u\000a\000l}{section.6}% 60
\BOOKMARK [2][-]{subsection.6.7}{\376\377\000D\000i\000j\000k\000s\000t\000r\000a}{section.6}% 61
\BOOKMARK [2][-]{subsection.6.8}{\376\377\000B\000\046\000B\000\040\000k\000n\000a\000p\000s\000a\000c\000k}{section.6}% 62
\BOOKMARK [2][-]{subsection.6.9}{\376\377\000B\000r\000a\000n\000c\000h\000\040\000\046\000\040\000c\000u\000t}{section.6}% 63
\BOOKMARK [2][-]{subsection.6.10}{\376\377\000P\000L\000C}{section.6}% 64
\BOOKMARK [2][-]{subsection.6.11}{\376\377\000S\000o\000l\000u\000z\000i\000o\000n\000e\000\040\000B\000a\000s\000e}{section.6}% 65
\BOOKMARK [2][-]{subsection.6.12}{\376\377\000F\000o\000r\000d\000-\000F\000u\000l\000k\000e\000r\000s\000o\000n}{section.6}% 66
\BOOKMARK [2][-]{subsection.6.13}{\376\377\000P\000L\000I\000\040\000m\000i\000n\000i\000m\000i\000z\000a\000t\000i\000o\000n\000\040\000\046\000\040\000r\000e\000l\000a\000x\000a\000t\000i\000o\000n}{section.6}% 67
\BOOKMARK [2][-]{subsection.6.14}{\376\377\000B\000\046\000B\000\040\000k\000n\000a\000p\000s\000a\000c\000k\000\040\0000\000-\0001}{section.6}% 68
\BOOKMARK [2][-]{subsection.6.15}{\376\377\000N\000P\000\040\000p\000r\000o\000b\000l\000e\000m}{section.6}% 69
